
200327 11:19:58 [Warning] Using unique option prefix myisam-recover instead of myisam-recover-options is deprecated and will be removed in a future release. Please use the full name instead.
200327 11:19:58 [Note] Plugin 'FEDERATED' is disabled.
200327 11:19:58 InnoDB: The InnoDB memory heap is disabled
200327 11:19:58 InnoDB: Mutexes and rw_locks use GCC atomic builtins
200327 11:19:58 InnoDB: Compressed tables use zlib 1.2.8
200327 11:19:58 InnoDB: Using Linux native AIO
200327 11:19:58 InnoDB: Initializing buffer pool, size = 32.0M
200327 11:19:58 InnoDB: Completed initialization of buffer pool
200327 11:19:58 InnoDB: highest supported file format is Barracuda.
InnoDB: The log sequence number in ibdata files does not match
InnoDB: the log sequence number in the ib_logfiles!
200327 11:19:58  InnoDB: Database was not shut down normally!
InnoDB: Starting crash recovery.
InnoDB: Reading tablespace information from the .ibd files...
InnoDB: Restoring possible half-written data pages from the doublewrite
InnoDB: buffer...
200327 11:19:58  InnoDB: Waiting for the background threads to start
200327 11:19:59 InnoDB: 5.5.60 started; log sequence number 1595916
200327 11:19:59 [Note] Server hostname (bind-address): '0.0.0.0'; port: 3306
200327 11:19:59 [Note]   - '0.0.0.0' resolves to '0.0.0.0';
200327 11:19:59 [Note] Server socket created on IP: '0.0.0.0'.
200327 11:19:59 [ERROR] /usr/sbin/mysqld: Table './mysql/user' is marked as crashed and should be repaired
200327 11:19:59 [Warning] Checking table:   './mysql/user'
200327 11:19:59 [ERROR] 1 client is using or hasn't closed the table properly
200327 11:19:59 [Note] Event Scheduler: Loaded 0 events
200327 11:19:59 [Note] /usr/sbin/mysqld: ready for connections.
Version: '5.5.60-0+deb8u1'  socket: '/var/run/mysqld/mysqld.sock'  port: 3306  (Debian)
200327 12:25:35 [Warning] Using unique option prefix myisam-recover instead of myisam-recover-options is deprecated and will be removed in a future release. Please use the full name instead.
200327 12:25:35 [Note] Plugin 'FEDERATED' is disabled.
200327 12:25:35 InnoDB: The InnoDB memory heap is disabled
200327 12:25:35 InnoDB: Mutexes and rw_locks use GCC atomic builtins
200327 12:25:35 InnoDB: Compressed tables use zlib 1.2.8
200327 12:25:35 InnoDB: Using Linux native AIO
200327 12:25:35 InnoDB: Initializing buffer pool, size = 32.0M
200327 12:25:35 InnoDB: Completed initialization of buffer pool
200327 12:25:35 InnoDB: highest supported file format is Barracuda.
InnoDB: The log sequence number in ibdata files does not match
InnoDB: the log sequence number in the ib_logfiles!
200327 12:25:35  InnoDB: Database was not shut down normally!
InnoDB: Starting crash recovery.
InnoDB: Reading tablespace information from the .ibd files...
InnoDB: Restoring possible half-written data pages from the doublewrite
InnoDB: buffer...
200327 12:25:35  InnoDB: Waiting for the background threads to start
200327 12:25:36 InnoDB: 5.5.60 started; log sequence number 3379558
200327 12:25:36 [Note] Server hostname (bind-address): '0.0.0.0'; port: 3306
200327 12:25:36 [Note]   - '0.0.0.0' resolves to '0.0.0.0';
200327 12:25:36 [Note] Server socket created on IP: '0.0.0.0'.
200327 12:25:36 [ERROR] /usr/sbin/mysqld: Table './mysql/user' is marked as crashed and should be repaired
200327 12:25:36 [Warning] Checking table:   './mysql/user'
200327 12:25:36 [ERROR] 1 client is using or hasn't closed the table properly
200327 12:25:36 [Note] Event Scheduler: Loaded 0 events
200327 12:25:36 [Note] /usr/sbin/mysqld: ready for connections.
Version: '5.5.60-0+deb8u1'  socket: '/var/run/mysqld/mysqld.sock'  port: 3306  (Debian)
